mode: set
github.com/khushbakhtmahkamov/wallet/pkg/wallet/service.go:13.31,15.2 1 0
github.com/khushbakhtmahkamov/wallet/pkg/wallet/service.go:33.36,35.2 1 1
github.com/khushbakhtmahkamov/wallet/pkg/wallet/service.go:57.94,59.16 2 1
github.com/khushbakhtmahkamov/wallet/pkg/wallet/service.go:63.2,64.16 2 1
github.com/khushbakhtmahkamov/wallet/pkg/wallet/service.go:68.2,69.40 2 1
github.com/khushbakhtmahkamov/wallet/pkg/wallet/service.go:76.2,76.31 1 1
github.com/khushbakhtmahkamov/wallet/pkg/wallet/service.go:59.16,61.3 1 0
github.com/khushbakhtmahkamov/wallet/pkg/wallet/service.go:64.16,66.3 1 0
github.com/khushbakhtmahkamov/wallet/pkg/wallet/service.go:69.40,71.17 2 1
github.com/khushbakhtmahkamov/wallet/pkg/wallet/service.go:71.17,73.4 1 0
github.com/khushbakhtmahkamov/wallet/pkg/wallet/service.go:79.59,80.43 1 0
github.com/khushbakhtmahkamov/wallet/pkg/wallet/service.go:86.2,91.4 2 0
github.com/khushbakhtmahkamov/wallet/pkg/wallet/service.go:80.43,81.29 1 0
github.com/khushbakhtmahkamov/wallet/pkg/wallet/service.go:81.29,83.4 1 0
github.com/khushbakhtmahkamov/wallet/pkg/wallet/service.go:94.78,95.37 1 1
github.com/khushbakhtmahkamov/wallet/pkg/wallet/service.go:101.2,108.21 4 1
github.com/khushbakhtmahkamov/wallet/pkg/wallet/service.go:95.37,96.29 1 0
github.com/khushbakhtmahkamov/wallet/pkg/wallet/service.go:96.29,98.4 1 0
github.com/khushbakhtmahkamov/wallet/pkg/wallet/service.go:111.70,112.17 1 1
github.com/khushbakhtmahkamov/wallet/pkg/wallet/service.go:116.2,117.33 2 1
github.com/khushbakhtmahkamov/wallet/pkg/wallet/service.go:124.2,124.20 1 1
github.com/khushbakhtmahkamov/wallet/pkg/wallet/service.go:128.2,129.12 2 1
github.com/khushbakhtmahkamov/wallet/pkg/wallet/service.go:112.17,114.3 1 0
github.com/khushbakhtmahkamov/wallet/pkg/wallet/service.go:117.33,118.26 1 1
github.com/khushbakhtmahkamov/wallet/pkg/wallet/service.go:118.26,120.9 2 1
github.com/khushbakhtmahkamov/wallet/pkg/wallet/service.go:124.20,126.3 1 0
github.com/khushbakhtmahkamov/wallet/pkg/wallet/service.go:132.76,135.33 2 1
github.com/khushbakhtmahkamov/wallet/pkg/wallet/service.go:142.2,142.20 1 1
github.com/khushbakhtmahkamov/wallet/pkg/wallet/service.go:145.2,145.21 1 1
github.com/khushbakhtmahkamov/wallet/pkg/wallet/service.go:135.33,136.26 1 1
github.com/khushbakhtmahkamov/wallet/pkg/wallet/service.go:136.26,138.9 2 1
github.com/khushbakhtmahkamov/wallet/pkg/wallet/service.go:142.20,144.3 1 0
github.com/khushbakhtmahkamov/wallet/pkg/wallet/service.go:148.116,149.17 1 1
github.com/khushbakhtmahkamov/wallet/pkg/wallet/service.go:153.2,154.33 2 1
github.com/khushbakhtmahkamov/wallet/pkg/wallet/service.go:161.2,161.20 1 1
github.com/khushbakhtmahkamov/wallet/pkg/wallet/service.go:165.2,165.30 1 1
github.com/khushbakhtmahkamov/wallet/pkg/wallet/service.go:169.2,179.21 5 1
github.com/khushbakhtmahkamov/wallet/pkg/wallet/service.go:149.17,151.3 1 0
github.com/khushbakhtmahkamov/wallet/pkg/wallet/service.go:154.33,155.26 1 1
github.com/khushbakhtmahkamov/wallet/pkg/wallet/service.go:155.26,157.9 2 1
github.com/khushbakhtmahkamov/wallet/pkg/wallet/service.go:161.20,163.3 1 0
github.com/khushbakhtmahkamov/wallet/pkg/wallet/service.go:165.30,167.3 1 0
github.com/khushbakhtmahkamov/wallet/pkg/wallet/service.go:182.50,185.16 2 1
github.com/khushbakhtmahkamov/wallet/pkg/wallet/service.go:189.2,190.16 2 1
github.com/khushbakhtmahkamov/wallet/pkg/wallet/service.go:194.2,196.12 3 1
github.com/khushbakhtmahkamov/wallet/pkg/wallet/service.go:185.16,187.3 1 0
github.com/khushbakhtmahkamov/wallet/pkg/wallet/service.go:190.16,192.3 1 0
github.com/khushbakhtmahkamov/wallet/pkg/wallet/service.go:199.77,202.33 2 1
github.com/khushbakhtmahkamov/wallet/pkg/wallet/service.go:209.2,209.20 1 1
github.com/khushbakhtmahkamov/wallet/pkg/wallet/service.go:212.2,212.21 1 1
github.com/khushbakhtmahkamov/wallet/pkg/wallet/service.go:202.33,203.26 1 1
github.com/khushbakhtmahkamov/wallet/pkg/wallet/service.go:203.26,205.9 2 1
github.com/khushbakhtmahkamov/wallet/pkg/wallet/service.go:209.20,211.3 1 1
github.com/khushbakhtmahkamov/wallet/pkg/wallet/service.go:215.72,217.16 2 1
github.com/khushbakhtmahkamov/wallet/pkg/wallet/service.go:221.2,222.16 2 1
github.com/khushbakhtmahkamov/wallet/pkg/wallet/service.go:226.2,236.25 5 1
github.com/khushbakhtmahkamov/wallet/pkg/wallet/service.go:217.16,219.3 1 0
github.com/khushbakhtmahkamov/wallet/pkg/wallet/service.go:222.16,224.3 1 0
